This is pdfTeX, Version 3.1415926-2.5-1.40.14 (TeX Live 2013/Debian) (format=pdflatex 2015.9.3)  27 NOV 2015 10:24
entering extended mode
 restricted \write18 enabled.
 %&-line parsing enabled.
**TUG_doc.tex
(./TUG_doc.tex
LaTeX2e <2011/06/27>
Babel <3.9h> and hyphenation patterns for 15 languages loaded.
(/usr/share/texlive/texmf-dist/tex/latex/base/article.cls
Document Class: article 2007/10/19 v1.4h Standard LaTeX document class
(/usr/share/texlive/texmf-dist/tex/latex/base/size11.clo
File: size11.clo 2007/10/19 v1.4h Standard LaTeX file (size option)
)
\c@part=\count79
\c@section=\count80
\c@subsection=\count81
\c@subsubsection=\count82
\c@paragraph=\count83
\c@subparagraph=\count84
\c@figure=\count85
\c@table=\count86
\abovecaptionskip=\skip41
\belowcaptionskip=\skip42
\bibindent=\dimen102
)
(/usr/share/texlive/texmf-dist/tex/latex/graphics/graphicx.sty
Package: graphicx 1999/02/16 v1.0f Enhanced LaTeX Graphics (DPC,SPQR)

(/usr/share/texlive/texmf-dist/tex/latex/graphics/keyval.sty
Package: keyval 1999/03/16 v1.13 key=value parser (DPC)
\KV@toks@=\toks14
)
(/usr/share/texlive/texmf-dist/tex/latex/graphics/graphics.sty
Package: graphics 2009/02/05 v1.0o Standard LaTeX Graphics (DPC,SPQR)

(/usr/share/texlive/texmf-dist/tex/latex/graphics/trig.sty
Package: trig 1999/03/16 v1.09 sin cos tan (DPC)
)
(/usr/share/texlive/texmf-dist/tex/latex/latexconfig/graphics.cfg
File: graphics.cfg 2010/04/23 v1.9 graphics configuration of TeX Live
)
Package graphics Info: Driver file: pdftex.def on input line 91.

(/usr/share/texlive/texmf-dist/tex/latex/pdftex-def/pdftex.def
File: pdftex.def 2011/05/27 v0.06d Graphics/color for pdfTeX

(/usr/share/texlive/texmf-dist/tex/generic/oberdiek/infwarerr.sty
Package: infwarerr 2010/04/08 v1.3 Providing info/warning/error messages (HO)
)
(/usr/share/texlive/texmf-dist/tex/generic/oberdiek/ltxcmds.sty
Package: ltxcmds 2011/11/09 v1.22 LaTeX kernel commands for general use (HO)
)
\Gread@gobject=\count87
))
\Gin@req@height=\dimen103
\Gin@req@width=\dimen104
)
(/usr/share/texmf/tex/latex/xcolor/xcolor.sty
Package: xcolor 2007/01/21 v2.11 LaTeX color extensions (UK)

(/usr/share/texlive/texmf-dist/tex/latex/latexconfig/color.cfg
File: color.cfg 2007/01/18 v1.5 color configuration of teTeX/TeXLive
)
Package xcolor Info: Driver file: pdftex.def on input line 225.
Package xcolor Info: Model `cmy' substituted by `cmy0' on input line 1337.
Package xcolor Info: Model `hsb' substituted by `rgb' on input line 1341.
Package xcolor Info: Model `RGB' extended on input line 1353.
Package xcolor Info: Model `HTML' substituted by `rgb' on input line 1355.
Package xcolor Info: Model `Hsb' substituted by `hsb' on input line 1356.
Package xcolor Info: Model `tHsb' substituted by `hsb' on input line 1357.
Package xcolor Info: Model `HSB' substituted by `hsb' on input line 1358.
Package xcolor Info: Model `Gray' substituted by `gray' on input line 1359.
Package xcolor Info: Model `wave' substituted by `hsb' on input line 1360.
)
(/usr/share/texlive/texmf-dist/tex/latex/listings/listings.sty
\lst@mode=\count88
\lst@gtempboxa=\box26
\lst@token=\toks15
\lst@length=\count89
\lst@currlwidth=\dimen105
\lst@column=\count90
\lst@pos=\count91
\lst@lostspace=\dimen106
\lst@width=\dimen107
\lst@newlines=\count92
\lst@lineno=\count93
\lst@maxwidth=\dimen108

(/usr/share/texlive/texmf-dist/tex/latex/listings/lstmisc.sty
File: lstmisc.sty 2013/08/26 1.5b (Carsten Heinz)
\c@lstnumber=\count94
\lst@skipnumbers=\count95
\lst@framebox=\box27
)
(/usr/share/texlive/texmf-dist/tex/latex/listings/listings.cfg
File: listings.cfg 2013/08/26 1.5b listings configuration
))
Package: listings 2013/08/26 1.5b (Carsten Heinz)

(/usr/share/texlive/texmf-dist/tex/latex/hyperref/hyperref.sty
Package: hyperref 2012/11/06 v6.83m Hypertext links for LaTeX

(/usr/share/texlive/texmf-dist/tex/generic/oberdiek/hobsub-hyperref.sty
Package: hobsub-hyperref 2012/05/28 v1.13 Bundle oberdiek, subset hyperref (HO)


(/usr/share/texlive/texmf-dist/tex/generic/oberdiek/hobsub-generic.sty
Package: hobsub-generic 2012/05/28 v1.13 Bundle oberdiek, subset generic (HO)
Package: hobsub 2012/05/28 v1.13 Construct package bundles (HO)
Package hobsub Info: Skipping package `infwarerr' (already loaded).
Package hobsub Info: Skipping package `ltxcmds' (already loaded).
Package: ifluatex 2010/03/01 v1.3 Provides the ifluatex switch (HO)
Package ifluatex Info: LuaTeX not detected.
Package: ifvtex 2010/03/01 v1.5 Detect VTeX and its facilities (HO)
Package ifvtex Info: VTeX not detected.
Package: intcalc 2007/09/27 v1.1 Expandable calculations with integers (HO)
Package: ifpdf 2011/01/30 v2.3 Provides the ifpdf switch (HO)
Package ifpdf Info: pdfTeX in PDF mode is detected.
Package: etexcmds 2011/02/16 v1.5 Avoid name clashes with e-TeX commands (HO)
Package etexcmds Info: Could not find \expanded.
(etexcmds)             That can mean that you are not using pdfTeX 1.50 or
(etexcmds)             that some package has redefined \expanded.
(etexcmds)             In the latter case, load this package earlier.
Package: kvsetkeys 2012/04/25 v1.16 Key value parser (HO)
Package: kvdefinekeys 2011/04/07 v1.3 Define keys (HO)
Package: pdftexcmds 2011/11/29 v0.20 Utility functions of pdfTeX for LuaTeX (HO
)
Package pdftexcmds Info: LuaTeX not detected.
Package pdftexcmds Info: \pdf@primitive is available.
Package pdftexcmds Info: \pdf@ifprimitive is available.
Package pdftexcmds Info: \pdfdraftmode found.
Package: pdfescape 2011/11/25 v1.13 Implements pdfTeX's escape features (HO)
Package: bigintcalc 2012/04/08 v1.3 Expandable calculations on big integers (HO
)
Package: bitset 2011/01/30 v1.1 Handle bit-vector datatype (HO)
Package: uniquecounter 2011/01/30 v1.2 Provide unlimited unique counter (HO)
)
Package hobsub Info: Skipping package `hobsub' (already loaded).
Package: letltxmacro 2010/09/02 v1.4 Let assignment for LaTeX macros (HO)
Package: hopatch 2012/05/28 v1.2 Wrapper for package hooks (HO)
Package: xcolor-patch 2011/01/30 xcolor patch
Package: atveryend 2011/06/30 v1.8 Hooks at the very end of document (HO)
Package atveryend Info: \enddocument detected (standard20110627).
Package: atbegshi 2011/10/05 v1.16 At begin shipout hook (HO)
Package: refcount 2011/10/16 v3.4 Data extraction from label references (HO)
Package: hycolor 2011/01/30 v1.7 Color options for hyperref/bookmark (HO)
)
(/usr/share/texlive/texmf-dist/tex/generic/ifxetex/ifxetex.sty
Package: ifxetex 2010/09/12 v0.6 Provides ifxetex conditional
)
(/usr/share/texlive/texmf-dist/tex/latex/oberdiek/auxhook.sty
Package: auxhook 2011/03/04 v1.3 Hooks for auxiliary files (HO)
)
(/usr/share/texlive/texmf-dist/tex/latex/oberdiek/kvoptions.sty
Package: kvoptions 2011/06/30 v3.11 Key value format for package options (HO)
)
\@linkdim=\dimen109
\Hy@linkcounter=\count96
\Hy@pagecounter=\count97

(/usr/share/texlive/texmf-dist/tex/latex/hyperref/pd1enc.def
File: pd1enc.def 2012/11/06 v6.83m Hyperref: PDFDocEncoding definition (HO)
)
\Hy@SavedSpaceFactor=\count98

(/usr/share/texlive/texmf-dist/tex/latex/latexconfig/hyperref.cfg
File: hyperref.cfg 2002/06/06 v1.2 hyperref configuration of TeXLive
)
Package hyperref Info: Option `colorlinks' set `true' on input line 4319.
Package hyperref Info: Hyper figures OFF on input line 4443.
Package hyperref Info: Link nesting OFF on input line 4448.
Package hyperref Info: Hyper index ON on input line 4451.
Package hyperref Info: Plain pages OFF on input line 4458.
Package hyperref Info: Backreferencing OFF on input line 4463.
Package hyperref Info: Implicit mode ON; LaTeX internals redefined.
Package hyperref Info: Bookmarks ON on input line 4688.
\c@Hy@tempcnt=\count99

(/usr/share/texlive/texmf-dist/tex/latex/url/url.sty
\Urlmuskip=\muskip10
Package: url 2013/09/16  ver 3.4  Verb mode for urls, etc.
)
LaTeX Info: Redefining \url on input line 5041.
\XeTeXLinkMargin=\dimen110
\Fld@menulength=\count100
\Field@Width=\dimen111
\Fld@charsize=\dimen112
Package hyperref Info: Hyper figures OFF on input line 6295.
Package hyperref Info: Link nesting OFF on input line 6300.
Package hyperref Info: Hyper index ON on input line 6303.
Package hyperref Info: backreferencing OFF on input line 6310.
Package hyperref Info: Link coloring ON on input line 6313.
Package hyperref Info: Link coloring with OCG OFF on input line 6320.
Package hyperref Info: PDF/A mode OFF on input line 6325.
LaTeX Info: Redefining \ref on input line 6365.
LaTeX Info: Redefining \pageref on input line 6369.
\Hy@abspage=\count101
\c@Item=\count102
\c@Hfootnote=\count103
)

Package hyperref Message: Driver (autodetected): hpdftex.

(/usr/share/texlive/texmf-dist/tex/latex/hyperref/hpdftex.def
File: hpdftex.def 2012/11/06 v6.83m Hyperref driver for pdfTeX
\Fld@listcount=\count104
\c@bookmark@seq@number=\count105

(/usr/share/texlive/texmf-dist/tex/latex/oberdiek/rerunfilecheck.sty
Package: rerunfilecheck 2011/04/15 v1.7 Rerun checks for auxiliary files (HO)
Package uniquecounter Info: New unique counter `rerunfilecheck' on input line 2
82.
)
\Hy@SectionHShift=\skip43
)
(/usr/share/texlive/texmf-dist/tex/latex/base/fontenc.sty
Package: fontenc 2005/09/27 v1.99g Standard LaTeX package

(/usr/share/texlive/texmf-dist/tex/latex/base/t1enc.def
File: t1enc.def 2005/09/27 v1.99g Standard LaTeX file
LaTeX Font Info:    Redeclaring font encoding T1 on input line 43.
))
(/usr/share/texlive/texmf-dist/tex/generic/babel/babel.sty
Package: babel 2013/12/03 3.9h The Babel package

(/usr/share/texlive/texmf-dist/tex/generic/babel-english/english.ldf
Language: english 2012/08/20 v3.3p English support from the babel system

(/usr/share/texlive/texmf-dist/tex/generic/babel/babel.def
File: babel.def 2013/12/03 3.9h Babel common definitions
\babel@savecnt=\count106
\U@D=\dimen113
)
\l@canadian = a dialect from \language\l@american 
\l@australian = a dialect from \language\l@british 
\l@newzealand = a dialect from \language\l@british 
))
(/usr/share/texlive/texmf-dist/tex/latex/base/inputenc.sty
Package: inputenc 2008/03/30 v1.1d Input encoding file
\inpenc@prehook=\toks16
\inpenc@posthook=\toks17

(/usr/share/texlive/texmf-dist/tex/latex/base/utf8.def
File: utf8.def 2008/04/05 v1.1m UTF-8 support for inputenc
Now handling font encoding OML ...
... no UTF-8 mapping file for font encoding OML
Now handling font encoding T1 ...
... processing UTF-8 mapping file for font encoding T1

(/usr/share/texlive/texmf-dist/tex/latex/base/t1enc.dfu
File: t1enc.dfu 2008/04/05 v1.1m UTF-8 support for inputenc
   defining Unicode char U+00A1 (decimal 161)
   defining Unicode char U+00A3 (decimal 163)
   defining Unicode char U+00AB (decimal 171)
   defining Unicode char U+00BB (decimal 187)
   defining Unicode char U+00BF (decimal 191)
   defining Unicode char U+00C0 (decimal 192)
   defining Unicode char U+00C1 (decimal 193)
   defining Unicode char U+00C2 (decimal 194)
   defining Unicode char U+00C3 (decimal 195)
   defining Unicode char U+00C4 (decimal 196)
   defining Unicode char U+00C5 (decimal 197)
   defining Unicode char U+00C6 (decimal 198)
   defining Unicode char U+00C7 (decimal 199)
   defining Unicode char U+00C8 (decimal 200)
   defining Unicode char U+00C9 (decimal 201)
   defining Unicode char U+00CA (decimal 202)
   defining Unicode char U+00CB (decimal 203)
   defining Unicode char U+00CC (decimal 204)
   defining Unicode char U+00CD (decimal 205)
   defining Unicode char U+00CE (decimal 206)
   defining Unicode char U+00CF (decimal 207)
   defining Unicode char U+00D0 (decimal 208)
   defining Unicode char U+00D1 (decimal 209)
   defining Unicode char U+00D2 (decimal 210)
   defining Unicode char U+00D3 (decimal 211)
   defining Unicode char U+00D4 (decimal 212)
   defining Unicode char U+00D5 (decimal 213)
   defining Unicode char U+00D6 (decimal 214)
   defining Unicode char U+00D8 (decimal 216)
   defining Unicode char U+00D9 (decimal 217)
   defining Unicode char U+00DA (decimal 218)
   defining Unicode char U+00DB (decimal 219)
   defining Unicode char U+00DC (decimal 220)
   defining Unicode char U+00DD (decimal 221)
   defining Unicode char U+00DE (decimal 222)
   defining Unicode char U+00DF (decimal 223)
   defining Unicode char U+00E0 (decimal 224)
   defining Unicode char U+00E1 (decimal 225)
   defining Unicode char U+00E2 (decimal 226)
   defining Unicode char U+00E3 (decimal 227)
   defining Unicode char U+00E4 (decimal 228)
   defining Unicode char U+00E5 (decimal 229)
   defining Unicode char U+00E6 (decimal 230)
   defining Unicode char U+00E7 (decimal 231)
   defining Unicode char U+00E8 (decimal 232)
   defining Unicode char U+00E9 (decimal 233)
   defining Unicode char U+00EA (decimal 234)
   defining Unicode char U+00EB (decimal 235)
   defining Unicode char U+00EC (decimal 236)
   defining Unicode char U+00ED (decimal 237)
   defining Unicode char U+00EE (decimal 238)
   defining Unicode char U+00EF (decimal 239)
   defining Unicode char U+00F0 (decimal 240)
   defining Unicode char U+00F1 (decimal 241)
   defining Unicode char U+00F2 (decimal 242)
   defining Unicode char U+00F3 (decimal 243)
   defining Unicode char U+00F4 (decimal 244)
   defining Unicode char U+00F5 (decimal 245)
   defining Unicode char U+00F6 (decimal 246)
   defining Unicode char U+00F8 (decimal 248)
   defining Unicode char U+00F9 (decimal 249)
   defining Unicode char U+00FA (decimal 250)
   defining Unicode char U+00FB (decimal 251)
   defining Unicode char U+00FC (decimal 252)
   defining Unicode char U+00FD (decimal 253)
   defining Unicode char U+00FE (decimal 254)
   defining Unicode char U+00FF (decimal 255)
   defining Unicode char U+0102 (decimal 258)
   defining Unicode char U+0103 (decimal 259)
   defining Unicode char U+0104 (decimal 260)
   defining Unicode char U+0105 (decimal 261)
   defining Unicode char U+0106 (decimal 262)
   defining Unicode char U+0107 (decimal 263)
   defining Unicode char U+010C (decimal 268)
   defining Unicode char U+010D (decimal 269)
   defining Unicode char U+010E (decimal 270)
   defining Unicode char U+010F (decimal 271)
   defining Unicode char U+0110 (decimal 272)
   defining Unicode char U+0111 (decimal 273)
   defining Unicode char U+0118 (decimal 280)
   defining Unicode char U+0119 (decimal 281)
   defining Unicode char U+011A (decimal 282)
   defining Unicode char U+011B (decimal 283)
   defining Unicode char U+011E (decimal 286)
   defining Unicode char U+011F (decimal 287)
   defining Unicode char U+0130 (decimal 304)
   defining Unicode char U+0131 (decimal 305)
   defining Unicode char U+0132 (decimal 306)
   defining Unicode char U+0133 (decimal 307)
   defining Unicode char U+0139 (decimal 313)
   defining Unicode char U+013A (decimal 314)
   defining Unicode char U+013D (decimal 317)
   defining Unicode char U+013E (decimal 318)
   defining Unicode char U+0141 (decimal 321)
   defining Unicode char U+0142 (decimal 322)
   defining Unicode char U+0143 (decimal 323)
   defining Unicode char U+0144 (decimal 324)
   defining Unicode char U+0147 (decimal 327)
   defining Unicode char U+0148 (decimal 328)
   defining Unicode char U+014A (decimal 330)
   defining Unicode char U+014B (decimal 331)
   defining Unicode char U+0150 (decimal 336)
   defining Unicode char U+0151 (decimal 337)
   defining Unicode char U+0152 (decimal 338)
   defining Unicode char U+0153 (decimal 339)
   defining Unicode char U+0154 (decimal 340)
   defining Unicode char U+0155 (decimal 341)
   defining Unicode char U+0158 (decimal 344)
   defining Unicode char U+0159 (decimal 345)
   defining Unicode char U+015A (decimal 346)
   defining Unicode char U+015B (decimal 347)
   defining Unicode char U+015E (decimal 350)
   defining Unicode char U+015F (decimal 351)
   defining Unicode char U+0160 (decimal 352)
   defining Unicode char U+0161 (decimal 353)
   defining Unicode char U+0162 (decimal 354)
   defining Unicode char U+0163 (decimal 355)
   defining Unicode char U+0164 (decimal 356)
   defining Unicode char U+0165 (decimal 357)
   defining Unicode char U+016E (decimal 366)
   defining Unicode char U+016F (decimal 367)
   defining Unicode char U+0170 (decimal 368)
   defining Unicode char U+0171 (decimal 369)
   defining Unicode char U+0178 (decimal 376)
   defining Unicode char U+0179 (decimal 377)
   defining Unicode char U+017A (decimal 378)
   defining Unicode char U+017B (decimal 379)
   defining Unicode char U+017C (decimal 380)
   defining Unicode char U+017D (decimal 381)
   defining Unicode char U+017E (decimal 382)
   defining Unicode char U+200C (decimal 8204)
   defining Unicode char U+2013 (decimal 8211)
   defining Unicode char U+2014 (decimal 8212)
   defining Unicode char U+2018 (decimal 8216)
   defining Unicode char U+2019 (decimal 8217)
   defining Unicode char U+201A (decimal 8218)
   defining Unicode char U+201C (decimal 8220)
   defining Unicode char U+201D (decimal 8221)
   defining Unicode char U+201E (decimal 8222)
   defining Unicode char U+2030 (decimal 8240)
   defining Unicode char U+2031 (decimal 8241)
   defining Unicode char U+2039 (decimal 8249)
   defining Unicode char U+203A (decimal 8250)
   defining Unicode char U+2423 (decimal 9251)
)
Now handling font encoding OT1 ...
... processing UTF-8 mapping file for font encoding OT1

(/usr/share/texlive/texmf-dist/tex/latex/base/ot1enc.dfu
File: ot1enc.dfu 2008/04/05 v1.1m UTF-8 support for inputenc
   defining Unicode char U+00A1 (decimal 161)
   defining Unicode char U+00A3 (decimal 163)
   defining Unicode char U+00B8 (decimal 184)
   defining Unicode char U+00BF (decimal 191)
   defining Unicode char U+00C5 (decimal 197)
   defining Unicode char U+00C6 (decimal 198)
   defining Unicode char U+00D8 (decimal 216)
   defining Unicode char U+00DF (decimal 223)
   defining Unicode char U+00E6 (decimal 230)
   defining Unicode char U+00EC (decimal 236)
   defining Unicode char U+00ED (decimal 237)
   defining Unicode char U+00EE (decimal 238)
   defining Unicode char U+00EF (decimal 239)
   defining Unicode char U+00F8 (decimal 248)
   defining Unicode char U+0131 (decimal 305)
   defining Unicode char U+0141 (decimal 321)
   defining Unicode char U+0142 (decimal 322)
   defining Unicode char U+0152 (decimal 338)
   defining Unicode char U+0153 (decimal 339)
   defining Unicode char U+2013 (decimal 8211)
   defining Unicode char U+2014 (decimal 8212)
   defining Unicode char U+2018 (decimal 8216)
   defining Unicode char U+2019 (decimal 8217)
   defining Unicode char U+201C (decimal 8220)
   defining Unicode char U+201D (decimal 8221)
)
Now handling font encoding OMS ...
... processing UTF-8 mapping file for font encoding OMS

(/usr/share/texlive/texmf-dist/tex/latex/base/omsenc.dfu
File: omsenc.dfu 2008/04/05 v1.1m UTF-8 support for inputenc
   defining Unicode char U+00A7 (decimal 167)
   defining Unicode char U+00B6 (decimal 182)
   defining Unicode char U+00B7 (decimal 183)
   defining Unicode char U+2020 (decimal 8224)
   defining Unicode char U+2021 (decimal 8225)
   defining Unicode char U+2022 (decimal 8226)
)
Now handling font encoding OMX ...
... no UTF-8 mapping file for font encoding OMX
Now handling font encoding U ...
... no UTF-8 mapping file for font encoding U
Now handling font encoding PD1 ...
... no UTF-8 mapping file for font encoding PD1
   defining Unicode char U+00A9 (decimal 169)
   defining Unicode char U+00AA (decimal 170)
   defining Unicode char U+00AE (decimal 174)
   defining Unicode char U+00BA (decimal 186)
   defining Unicode char U+02C6 (decimal 710)
   defining Unicode char U+02DC (decimal 732)
   defining Unicode char U+200C (decimal 8204)
   defining Unicode char U+2026 (decimal 8230)
   defining Unicode char U+2122 (decimal 8482)
   defining Unicode char U+2423 (decimal 9251)
))
(/usr/share/texlive/texmf-dist/tex/latex/psnfss/pifont.sty
Package: pifont 2005/04/12 PSNFSS-v9.2a Pi font support (SPQR) 
LaTeX Font Info:    Try loading font information for U+pzd on input line 63.

(/usr/share/texlive/texmf-dist/tex/latex/psnfss/upzd.fd
File: upzd.fd 2001/06/04 font definitions for U/pzd.
)
LaTeX Font Info:    Try loading font information for U+psy on input line 64.

(/usr/share/texlive/texmf-dist/tex/latex/psnfss/upsy.fd
File: upsy.fd 2001/06/04 font definitions for U/psy.
))
(/usr/share/texlive/texmf-dist/tex/latex/parskip/parskip.sty
Package: parskip 2001/04/09 non-zero parskip adjustments
)
(/usr/share/texlive/texmf-dist/tex/latex/enumitem/enumitem.sty
Package: enumitem 2011/09/28 v3.5.2 Customized lists
\labelindent=\skip44
\enit@outerparindent=\dimen114
\enit@toks=\toks18
\enit@inbox=\box28
\enitdp@description=\count107
) (./TUG_doc.aux
(./README_0_goals.aux) (./README_0_package.aux) (./README_0_quick.aux)
(./README_1_tuglib.aux) (./README_2_tugwizard.aux))
\openout1 = `TUG_doc.aux'.

LaTeX Font Info:    Checking defaults for OML/cmm/m/it on input line 57.
LaTeX Font Info:    ... okay on input line 57.
LaTeX Font Info:    Checking defaults for T1/cmr/m/n on input line 57.
LaTeX Font Info:    ... okay on input line 57.
LaTeX Font Info:    Checking defaults for OT1/cmr/m/n on input line 57.
LaTeX Font Info:    ... okay on input line 57.
LaTeX Font Info:    Checking defaults for OMS/cmsy/m/n on input line 57.
LaTeX Font Info:    ... okay on input line 57.
LaTeX Font Info:    Checking defaults for OMX/cmex/m/n on input line 57.
LaTeX Font Info:    ... okay on input line 57.
LaTeX Font Info:    Checking defaults for U/cmr/m/n on input line 57.
LaTeX Font Info:    ... okay on input line 57.
LaTeX Font Info:    Checking defaults for PD1/pdf/m/n on input line 57.
LaTeX Font Info:    ... okay on input line 57.

(/usr/share/texlive/texmf-dist/tex/context/base/supp-pdf.mkii
[Loading MPS to PDF converter (version 2006.09.02).]
\scratchcounter=\count108
\scratchdimen=\dimen115
\scratchbox=\box29
\nofMPsegments=\count109
\nofMParguments=\count110
\everyMPshowfont=\toks19
\MPscratchCnt=\count111
\MPscratchDim=\dimen116
\MPnumerator=\count112
\makeMPintoPDFobject=\count113
\everyMPtoPDFconversion=\toks20
) (/usr/share/texlive/texmf-dist/tex/latex/oberdiek/epstopdf-base.sty
Package: epstopdf-base 2010/02/09 v2.5 Base part for package epstopdf

(/usr/share/texlive/texmf-dist/tex/latex/oberdiek/grfext.sty
Package: grfext 2010/08/19 v1.1 Manage graphics extensions (HO)
)
Package grfext Info: Graphics extension search list:
(grfext)             [.png,.pdf,.jpg,.mps,.jpeg,.jbig2,.jb2,.PNG,.PDF,.JPG,.JPE
G,.JBIG2,.JB2,.eps]
(grfext)             \AppendGraphicsExtensions on input line 452.

(/usr/share/texlive/texmf-dist/tex/latex/latexconfig/epstopdf-sys.cfg
File: epstopdf-sys.cfg 2010/07/13 v1.3 Configuration of (r)epstopdf for TeX Liv
e
))
\c@lstlisting=\count114
\AtBeginShipoutBox=\box30
Package hyperref Info: Link coloring ON on input line 57.

(/usr/share/texlive/texmf-dist/tex/latex/hyperref/nameref.sty
Package: nameref 2012/10/27 v2.43 Cross-referencing by name of section

(/usr/share/texlive/texmf-dist/tex/generic/oberdiek/gettitlestring.sty
Package: gettitlestring 2010/12/03 v1.4 Cleanup title references (HO)
)
\c@section@level=\count115
)
LaTeX Info: Redefining \ref on input line 57.
LaTeX Info: Redefining \pageref on input line 57.
LaTeX Info: Redefining \nameref on input line 57.

(./TUG_doc.out) (./TUG_doc.out)
\@outlinefile=\write3
\openout3 = `TUG_doc.out'.


(/usr/share/texlive/texmf-dist/tex/latex/listings/lstlang1.sty
File: lstlang1.sty 2013/08/26 1.5b listings language file
)
LaTeX Font Info:    External font `cmex10' loaded for size
(Font)              <12> on input line 96.
LaTeX Font Info:    External font `cmex10' loaded for size
(Font)              <8> on input line 96.
LaTeX Font Info:    External font `cmex10' loaded for size
(Font)              <6> on input line 96.
LaTeX Font Info:    Try loading font information for T1+cmtt on input line 96.

(/usr/share/texlive/texmf-dist/tex/latex/base/t1cmtt.fd
File: t1cmtt.fd 1999/05/25 v2.5h Standard LaTeX font definitions
) (./TUG_doc.toc
LaTeX Font Info:    External font `cmex10' loaded for size
(Font)              <10.95> on input line 5.
)
\tf@toc=\write4
\openout4 = `TUG_doc.toc'.


[1

{/home/pedro/.texmf-var/fonts/map/pdftex/updmap/pdftex.map}]
\openout2 = `README_0_goals.aux'.


(./README_0_goals.tex
LaTeX Font Info:    External font `cmex10' loaded for size
(Font)              <9> on input line 12.
LaTeX Font Info:    External font `cmex10' loaded for size
(Font)              <5> on input line 12.
LaTeX Font Info:    Try loading font information for OMS+cmr on input line 23.
 (/usr/share/texlive/texmf-dist/tex/latex/base/omscmr.fd
File: omscmr.fd 1999/05/25 v2.5h Standard LaTeX font definitions
)
LaTeX Font Info:    Font shape `OMS/cmr/m/n' in size <10.95> not available
(Font)              Font shape `OMS/cmsy/m/n' tried instead on input line 23.
) [2

]
\openout2 = `README_0_package.aux'.

 (./README_0_package.tex) [3


]
\openout2 = `README_0_quick.aux'.

 (./README_0_quick.tex
(./README_0_quick_deployment.tex
Overfull \hbox (20.86365pt too wide) in paragraph at lines 12--18
\T1/cmtt/m/n/10.95 TUG Wizard \T1/cmr/m/n/10.95 as well as \T1/cmtt/m/n/10.95 T
UGLib \T1/cmr/m/n/10.95 are packed into a file named \T1/cmtt/m/n/10.95 TUG_vXX
.tar.gz\T1/cmr/m/n/10.95 . 
 []

<images/tug011.png, id=108, 804.39651pt x 157.10869pt>
File: images/tug011.png Graphic file (type png)
 <use images/tug011.png>
Package pdftex.def Info: images/tug011.png used on input line 20.
(pdftex.def)             Requested size: 341.9989pt x 66.79787pt.

Overfull \hbox (9.37396pt too wide) in paragraph at lines 20--25
[][]
 []

<images/tug012.png, id=110, 803.13965pt x 381.45992pt>
File: images/tug012.png Graphic file (type png)
 <use images/tug012.png>
Package pdftex.def Info: images/tug012.png used on input line 33.
(pdftex.def)             Requested size: 341.9989pt x 162.43553pt.

Overfull \hbox (9.37396pt too wide) in paragraph at lines 33--35
[][]
 []

[4


 <./images/tug011.png> <./images/tug012.png>]
<images/tug013.png, id=120, 867.24pt x 565.59131pt>
File: images/tug013.png Graphic file (type png)
 <use images/tug013.png>
Package pdftex.def Info: images/tug013.png used on input line 47.
(pdftex.def)             Requested size: 341.9989pt x 223.03934pt.

Overfull \hbox (9.37396pt too wide) in paragraph at lines 47--49
[][]
 []

[5 <./images/tug013.png>]) (./README_0_quick_loadsave.tex
<images/menu_icon.png, id=127, 23.77303pt x 19.01842pt>
File: images/menu_icon.png Graphic file (type png)

<use images/menu_icon.png>
Package pdftex.def Info: images/menu_icon.png used on input line 15.
(pdftex.def)             Requested size: 18.0011pt x 14.4016pt.

<images/tug_load.png, id=128, 205.49817pt x 84.8387pt>
File: images/tug_load.png Graphic file (type png)

<use images/tug_load.png>
Package pdftex.def Info: images/tug_load.png used on input line 23.
(pdftex.def)             Requested size: 180.0pt x 74.31651pt.

<images/tug_load2.png, id=129, 536.0025pt x 475.7775pt>
File: images/tug_load2.png Graphic file (type png)

<use images/tug_load2.png>
Package pdftex.def Info: images/tug_load2.png used on input line 26.
(pdftex.def)             Requested size: 251.9989pt x 223.68079pt.
 [6 <./images/menu_icon.png> <./images/tug_load.png> <./images/tug_load2.png>]
File: images/menu_icon.png Graphic file (type png)
 <use images/menu_icon.png>
Package pdftex.def Info: images/menu_icon.png used on input line 35.
(pdftex.def)             Requested size: 18.0011pt x 14.4016pt.

<images/tug_save.png, id=139, 203.61287pt x 79.18279pt>
File: images/tug_save.png Graphic file (type png)

<use images/tug_save.png>
Package pdftex.def Info: images/tug_save.png used on input line 43.
(pdftex.def)             Requested size: 180.0pt x 70.00003pt.

<images/tug_save2.png, id=140, 536.0025pt x 475.7775pt>
File: images/tug_save2.png Graphic file (type png)

<use images/tug_save2.png>
Package pdftex.def Info: images/tug_save2.png used on input line 46.
(pdftex.def)             Requested size: 251.9989pt x 223.68079pt.
 [7 <./images/tug_save.png> <./images/tug_save2.png>]) (./README_0_quick_genera
tion.tex
Overfull \hbox (43.15831pt too wide) in paragraph at lines 12--32
\T1/cmr/m/n/10.95 After this change, a new in-clude could be needed. If so, se-
lect [][][][][][]
 []

<images/tug021.png, id=149, 867.24pt x 565.59131pt>
File: images/tug021.png Graphic file (type png)
 <use images/tug021.png>
Package pdftex.def Info: images/tug021.png used on input line 34.
(pdftex.def)             Requested size: 341.9989pt x 223.03934pt.

Overfull \hbox (9.37396pt too wide) in paragraph at lines 34--36
[][]
 []

[8 <./images/tug021.png>]
Overfull \hbox (12.53555pt too wide) in paragraph at lines 40--62
\T1/cmr/m/n/10.95 are some but-tons to help you adding de-pen-den-cies: [][][][
][][]
 []


Overfull \hbox (48.11826pt too wide) in paragraph at lines 40--62
\T1/cmr/m/n/10.95 and [][][][][][] in-clude \T1/cmtt/m/n/10.95 qmake \T1/cmr/m/
n/10.95 tags; [][][][][][] and [][][][][][]
 []

<images/tug022.png, id=156, 867.24pt x 565.59131pt>
File: images/tug022.png Graphic file (type png)
 <use images/tug022.png>
Package pdftex.def Info: images/tug022.png used on input line 64.
(pdftex.def)             Requested size: 341.9989pt x 223.03934pt.

Overfull \hbox (9.37396pt too wide) in paragraph at lines 64--66
[][]
 []

[9 <./images/tug022.png>] <images/tug023.png, id=163, 867.24pt x 565.59131pt>
File: images/tug023.png Graphic file (type png)

<use images/tug023.png>
Package pdftex.def Info: images/tug023.png used on input line 91.
(pdftex.def)             Requested size: 341.9989pt x 223.03934pt.

Overfull \hbox (9.37396pt too wide) in paragraph at lines 91--93
[][]
 []

[10 <./images/tug023.png>]
Overfull \hbox (15.58606pt too wide) in paragraph at lines 97--124
\T1/cmtt/m/n/10.95 Libsig\T1/cmr/m/n/10.95 . You can se-lect \T1/cmtt/m/n/10.95
 None \T1/cmr/m/n/10.95 to add it man-u-ally. [][][][][][]
 []

<images/tug024.png, id=170, 867.24pt x 565.59131pt>
File: images/tug024.png Graphic file (type png)
 <use images/tug024.png>
Package pdftex.def Info: images/tug024.png used on input line 126.
(pdftex.def)             Requested size: 341.9989pt x 223.03934pt.

Overfull \hbox (9.37396pt too wide) in paragraph at lines 126--128
[][]
 []

[11 <./images/tug024.png>]
Overfull \hbox (67.45969pt too wide) in paragraph at lines 132--156
\T1/cmr/m/n/10.95 cies to be in-cor-po-rated into the test project for each op-
tion. [][][][][][]
 []


Overfull \hbox (9.55284pt too wide) in paragraph at lines 132--156
\T1/cmr/m/n/10.95 In [][][][][][] you can check, edit, and re-store de-pen-den-
cies re-lated to \T1/cmr/bx/n/10.95 TUGLib
 []

<images/tug025.png, id=177, 867.24pt x 565.59131pt>
File: images/tug025.png Graphic file (type png)
 <use images/tug025.png>
Package pdftex.def Info: images/tug025.png used on input line 158.
(pdftex.def)             Requested size: 341.9989pt x 223.03934pt.

Overfull \hbox (9.37396pt too wide) in paragraph at lines 158--160
[][]
 []

[12 <./images/tug025.png>] <images/tug026.png, id=185, 867.24pt x 565.59131pt>
File: images/tug026.png Graphic file (type png)

<use images/tug026.png>
Package pdftex.def Info: images/tug026.png used on input line 197.
(pdftex.def)             Requested size: 341.9989pt x 223.03934pt.

Overfull \hbox (9.37396pt too wide) in paragraph at lines 197--199
[][]
 []

[13] [14 <./images/tug026.png>]
<images/tug027.png, id=197, 867.24pt x 565.59131pt>
File: images/tug027.png Graphic file (type png)
 <use images/tug027.png>
Package pdftex.def Info: images/tug027.png used on input line 218.
(pdftex.def)             Requested size: 341.9989pt x 223.03934pt.

Overfull \hbox (9.37396pt too wide) in paragraph at lines 218--221
[][]
 []

File: images/menu_icon.png Graphic file (type png)
<use images/menu_icon.png>
Package pdftex.def Info: images/menu_icon.png used on input line 227.
(pdftex.def)             Requested size: 18.0011pt x 14.4016pt.

Underfull \hbox (badness 10000) in paragraph at lines 225--229

 []

<images/tug_exit.png, id=198, 202.356pt x 84.8387pt>
File: images/tug_exit.png Graphic file (type png)
 <use images/tug_exit.png>
Package pdftex.def Info: images/tug_exit.png used on input line 231.
(pdftex.def)             Requested size: 180.0pt x 75.46994pt.

[15 <./images/tug027.png> <./images/tug_exit.png>])
(./README_0_quick_compilation.tex
<images/tug030a.png, id=208, 729.61278pt x 140.7694pt>
File: images/tug030a.png Graphic file (type png)

<use images/tug030a.png>
Package pdftex.def Info: images/tug030a.png used on input line 31.
(pdftex.def)             Requested size: 341.9989pt x 65.98549pt.

Overfull \hbox (9.37396pt too wide) in paragraph at lines 31--33
[][]
 []

[16 <./images/tug030a.png>]
<images/tug030b.png, id=215, 729.61278pt x 214.29626pt>
File: images/tug030b.png Graphic file (type png)

<use images/tug030b.png>
Package pdftex.def Info: images/tug030b.png used on input line 50.
(pdftex.def)             Requested size: 341.9989pt x 100.45111pt.

Overfull \hbox (9.37396pt too wide) in paragraph at lines 50--52
[][]
 []

<images/tug030c.png, id=216, 729.61278pt x 140.14096pt>
File: images/tug030c.png Graphic file (type png)

<use images/tug030c.png>
Package pdftex.def Info: images/tug030c.png used on input line 58.
(pdftex.def)             Requested size: 341.9989pt x 65.6909pt.

Overfull \hbox (9.37396pt too wide) in paragraph at lines 58--60
[][]
 []

<images/tug030d.png, id=217, 729.61278pt x 140.7694pt>
File: images/tug030d.png Graphic file (type png)

<use images/tug030d.png>
Package pdftex.def Info: images/tug030d.png used on input line 64.
(pdftex.def)             Requested size: 341.9989pt x 65.98549pt.

Overfull \hbox (9.37396pt too wide) in paragraph at lines 64--66
[][]
 []

[17 <./images/tug030b.png> <./images/tug030c.png> <./images/tug030d.png>]
<images/tug031.png, id=225, 804.39651pt x 150.82434pt>
File: images/tug031.png Graphic file (type png)
 <use images/tug031.png>
Package pdftex.def Info: images/tug031.png used on input line 79.
(pdftex.def)             Requested size: 341.9989pt x 64.12596pt.

Overfull \hbox (9.37396pt too wide) in paragraph at lines 79--81
[][]
 []

<images/tug032.png, id=226, 608.95331pt x 345.0107pt>
File: images/tug032.png Graphic file (type png)
 <use images/tug032.png>
Package pdftex.def Info: images/tug032.png used on input line 93.
(pdftex.def)             Requested size: 341.9989pt x 193.76796pt.

Overfull \hbox (9.37396pt too wide) in paragraph at lines 93--95
[][]
 []

[18 <./images/tug031.png> <./images/tug032.png>]
<images/tug033.png, id=235, 608.32487pt x 348.15286pt>
File: images/tug033.png Graphic file (type png)
 <use images/tug033.png>
Package pdftex.def Info: images/tug033.png used on input line 107.
(pdftex.def)             Requested size: 341.9989pt x 195.72925pt.

Overfull \hbox (9.37396pt too wide) in paragraph at lines 107--109
[][]
 []

<images/tug034.png, id=236, 558.05008pt x 285.93782pt>
File: images/tug034.png Graphic file (type png)
 <use images/tug034.png>
Package pdftex.def Info: images/tug034.png used on input line 121.
(pdftex.def)             Requested size: 341.9989pt x 175.2377pt.

Overfull \hbox (9.37396pt too wide) in paragraph at lines 121--123
[][]
 []

[19 <./images/tug033.png> <./images/tug034.png>]
<images/tug035.png, id=246, 547.3667pt x 288.45157pt>
File: images/tug035.png Graphic file (type png)
 <use images/tug035.png>
Package pdftex.def Info: images/tug035.png used on input line 135.
(pdftex.def)             Requested size: 341.9989pt x 180.23335pt.

Overfull \hbox (9.37396pt too wide) in paragraph at lines 135--137
[][]
 []

<images/tug036.png, id=247, 804.39651pt x 169.04895pt>
File: images/tug036.png Graphic file (type png)
 <use images/tug036.png>
Package pdftex.def Info: images/tug036.png used on input line 148.
(pdftex.def)             Requested size: 341.9989pt x 71.87451pt.

Overfull \hbox (9.37396pt too wide) in paragraph at lines 148--150
[][]
 []

)) [20 <./images/tug035.png> <./images/tug036.png>]
\openout2 = `README_1_tuglib.aux'.

 (./README_1_tuglib.tex
(./README_1_tuglib_design.tex
<images/diag/tug_lib_classdiag.png, id=256, 1223.83539pt x 825.39948pt>
File: images/diag/tug_lib_classdiag.png Graphic file (type png)

<use images/diag/tug_lib_classdiag.png>
Package pdftex.def Info: images/diag/tug_lib_classdiag.png used on input line 9
.
(pdftex.def)             Requested size: 356.40198pt x 240.36728pt.

Overfull \hbox (11.40198pt too wide) in paragraph at lines 9--11
[][]
 []

[21


 <./images/diag/tug_lib_classdiag.png>] [22]
Overfull \hbox (1.38483pt too wide) in paragraph at lines 86--89
[]\T1/cmtt/m/n/10.95 BaseRunner& coverage_on_dir(const std::string& dir)\T1/cmr
/m/n/10.95 : in-cludes
 []


Overfull \hbox (9.86832pt too wide) in paragraph at lines 89--92
[]\T1/cmtt/m/n/10.95 BaseRunner& coverage_on_file(const std::string& filepath)\
T1/cmr/m/n/10.95 : in-
 []


Overfull \hbox (24.4124pt too wide) in paragraph at lines 92--95
[]\T1/cmtt/m/n/10.95 BaseRunner& output_***()\T1/cmr/m/n/10.95 : se-lects out-p
ut level be-tween \T1/cmtt/m/n/10.95 silent\T1/cmr/m/n/10.95 , \T1/cmtt/m/n/10.
95 verbose\T1/cmr/m/n/10.95 ,
 []

[23] [24]
Overfull \hbox (4.56577pt too wide) in paragraph at lines 158--164
[][][][][][][] \T1/cmr/m/n/10.95 can be used to run test-suite bi-na-ries (i.e.
, test-suite projects
 []

[25]) (./README_1_tuglib_testutils.tex [26] [27] [28])
(./README_1_tuglib_config.tex [29] [30]))
\openout2 = `README_2_tugwizard.aux'.

 (./README_2_tugwizard.tex
(./README_2_tugwizard_design.tex
<images/diag/tug_wizard_classdiag.png, id=580, 2757.59647pt x 1703.3047pt>
File: images/diag/tug_wizard_classdiag.png Graphic file (type png)

<use images/diag/tug_wizard_classdiag.png>
Package pdftex.def Info: images/diag/tug_wizard_classdiag.png used on input lin
e 10.
(pdftex.def)             Requested size: 356.40198pt x 220.13786pt.

Overfull \hbox (11.40198pt too wide) in paragraph at lines 10--12
[][]
 []


Overfull \hbox (4.80164pt too wide) in paragraph at lines 24--26
[]\T1/cmtt/m/n/10.95 WizardWindowImpl_Gen\T1/cmr/m/n/10.95 : in-cludes the im-p
le-men-ta-tion of the test project
 []

[31


 <./images/diag/tug_wizard_classdiag.png>]
Overfull \hbox (27.92426pt too wide) in paragraph at lines 36--41
\T1/cmr/m/n/10.95 ment of TUG Wiz-ard user in-ter-face. It uses two sup-port-in
g classes, [][][][][][]
 []


<images/diag/tug_wizard_classdiag_ww1.png, id=586, 1082.63293pt x 442.12236pt>
File: images/diag/tug_wizard_classdiag_ww1.png Graphic file (type png)

<use images/diag/tug_wizard_classdiag_ww1.png>
Package pdftex.def Info: images/diag/tug_wizard_classdiag_ww1.png used on input
 line 51.
(pdftex.def)             Requested size: 233.9978pt x 95.55367pt.

<images/diag/tug_wizard_classdiag_ww2.png, id=587, 2066.07176pt x 1215.83647pt>
File: images/diag/tug_wizard_classdiag_ww2.png Graphic file (type png)
<use images/diag/tug_wizard_classdiag_ww2.png>
Package pdftex.def Info: images/diag/tug_wizard_classdiag_ww2.png used on input
 line 64.
(pdftex.def)             Requested size: 356.40198pt x 209.73201pt.
 [32 <./images/diag/tug_wizard_classdiag_ww1.png> <./images/diag/tug_wizard_cla
ssdiag_ww2.png>]
<images/diag/tug_wizard_classdiag_wwi1.png, id=594, 1130.81294pt x 371.26941pt>
File: images/diag/tug_wizard_classdiag_wwi1.png Graphic file (type png)
<use images/diag/tug_wizard_classdiag_wwi1.png>
Package pdftex.def Info: images/diag/tug_wizard_classdiag_wwi1.png used on inpu
t line 85.
(pdftex.def)             Requested size: 233.9978pt x 76.82452pt.

<images/diag/tug_wizard_classdiag_wwig1.png, id=595, 1989.55058pt x 807.72353pt
>
File: images/diag/tug_wizard_classdiag_wwig1.png Graphic file (type png)
 <use images/diag/tug_wizard_classdiag_wwig1.png>
Package pdftex.def Info: images/diag/tug_wizard_classdiag_wwig1.png used on inp
ut line 99.
(pdftex.def)             Requested size: 356.40198pt x 144.69377pt.

Overfull \hbox (8.73016pt too wide) in paragraph at lines 110--119
[][][][][][][] \T1/cmr/m/n/10.95 en-cap-su-lates the gen-er-a-tion of a new tes
t panel project.
 []

[33 <./images/diag/tug_wizard_classdiag_wwi1.png> <./images/diag/tug_wizard_cla
ssdiag_wwig1.png>] [34]) (./README_2_tugwizard_config.tex [35]))
Package atveryend Info: Empty hook `BeforeClearDocument' on input line 111.
Package atveryend Info: Empty hook `AfterLastShipout' on input line 111.
 (./TUG_doc.aux (./README_0_goals.aux) (./README_0_package.aux) (./README_0_qui
ck.aux)
(./README_1_tuglib.aux) (./README_2_tugwizard.aux))
Package atveryend Info: Executing hook `AtVeryEndDocument' on input line 111.
Package atveryend Info: Executing hook `AtEndAfterFileList' on input line 111.
Package rerunfilecheck Info: File `TUG_doc.out' has not changed.
(rerunfilecheck)             Checksum: E60233A31B7531608CECEA032CAE9746;924.
Package atveryend Info: Empty hook `AtVeryVeryEnd' on input line 111.
 ) 
Here is how much of TeX's memory you used:
 9089 strings out of 494668
 129625 string characters out of 6172981
 367109 words of memory out of 5000000
 11881 multiletter control sequences out of 15000+600000
 21642 words of font info for 52 fonts, out of 8000000 for 9000
 128 hyphenation exceptions out of 8191
 30i,8n,40p,266b,1818s stack positions out of 5000i,500n,10000p,200000b,80000s
 </home/pedro/.texmf-var/fonts/pk/ljfour/jknappen/ec/ecit0800.600pk> </home/p
edro/.texmf-var/fonts/pk/ljfour/jknappen/ec/ectt0800.600pk> </home/pedro/.texmf
-var/fonts/pk/ljfour/jknappen/ec/ectt1000.600pk> </home/pedro/.texmf-var/fonts/
pk/ljfour/jknappen/ec/ecbx1200.600pk> </home/pedro/.texmf-var/fonts/pk/ljfour/j
knappen/ec/ectt1095.600pk> </home/pedro/.texmf-var/fonts/pk/ljfour/jknappen/ec/
ectt0900.600pk> </home/pedro/.texmf-var/fonts/pk/ljfour/jknappen/ec/ecrm0900.60
0pk> </home/pedro/.texmf-var/fonts/pk/ljfour/jknappen/ec/ecrm0600.600pk> </home
/pedro/.texmf-var/fonts/pk/ljfour/jknappen/ec/ecrm0800.600pk> </home/pedro/.tex
mf-var/fonts/pk/ljfour/jknappen/ec/ecti1095.600pk> </home/pedro/.texmf-var/font
s/pk/ljfour/jknappen/ec/ecrm1095.600pk> </home/pedro/.texmf-var/fonts/pk/ljfour
/jknappen/ec/ecbx1095.600pk> </home/pedro/.texmf-var/fonts/pk/ljfour/jknappen/e
c/ecrm1200.600pk> </home/pedro/.texmf-var/fonts/pk/ljfour/jknappen/ec/ectt1200.
600pk> </home/pedro/.texmf-var/fonts/pk/ljfour/jknappen/ec/ecbx1440.600pk> </ho
me/pedro/.texmf-var/fonts/pk/ljfour/jknappen/ec/ecrm2074.600pk> </home/pedro/.t
exmf-var/fonts/pk/ljfour/jknappen/ec/ecbx2074.600pk></usr/share/texlive/texmf-d
ist/fonts/type1/public/amsfonts/cm/cmsy10.pfb>
Output written on TUG_doc.pdf (35 pages, 1885002 bytes).
PDF statistics:
 1330 PDF objects out of 1440 (max. 8388607)
 634 compressed objects within 7 object streams
 348 named destinations out of 1000 (max. 500000)
 273 words of extra memory for PDF output out of 10000 (max. 10000000)

